Detected Java version: 1.8 in: m:\jdk_win64\jre
Detected OS: Windows 10
parsing buildfile m:\ews\at4\build.xml with URI = file:/m:/ews/at4/build.xml
Project base dir set to: m:\ews\at4
parsing buildfile jar:file:/M:/ant/lib/ant.jar!/org/apache/tools/ant/antlib.xml with URI = jar:file:/M:/ant/lib/ant.jar!/org/apache/tools/ant/antlib.xml from a zip file
 [property] Loading Environment env.
   [splash] Creating new SplashScreen
Build sequence for target(s) `all' is [clean, build.number, build, PushOut, post_build, all]
Complete build sequence is [clean, build.number, build, PushOut, post_build, all, ]

clean:
   [delete] Deleting directory m:\ews\at4\dist
   [delete] Deleting m:\ews\at4\dist\at4.jar
   [delete] Deleting m:\ews\at4\dist\run.bat
   [delete] Deleting m:\ews\at4\dist\jasiohost32.dll
   [delete] Deleting m:\ews\at4\dist\jasiohost64.dll
   [delete] Deleting directory m:\ews\at4\dist
   [delete] Deleting directory m:\ews\at4\bin
   [delete] Deleting m:\ews\at4\bin\starter\at4.class
   [delete] Deleting m:\ews\at4\bin\starter\Central.class
   [delete] Deleting m:\ews\at4\bin\starter\MainFrame$myPanel.class
   [delete] Deleting m:\ews\at4\bin\starter\MainFrame.class
   [delete] Deleting m:\ews\at4\bin\starter\JFrame2.class
   [delete] Deleting m:\ews\at4\bin\starter\error.class
   [delete] Deleting directory m:\ews\at4\bin\starter
   [delete] Deleting m:\ews\at4\bin\platform\base\PlatformBase.class
   [delete] Deleting m:\ews\at4\bin\platform\base\PlatformPanel$PlatformChoice.class
   [delete] Deleting m:\ews\at4\bin\platform\base\PlatformPanel.class
   [delete] Deleting m:\ews\at4\bin\platform\base\PLATFORM.class
   [delete] Deleting directory m:\ews\at4\bin\platform\base
   [delete] Deleting m:\ews\at4\bin\platform\asio\PlatformAsio.class
   [delete] Deleting m:\ews\at4\bin\platform\asio\PlatformParameterAsio$PanelStarter.class
   [delete] Deleting m:\ews\at4\bin\platform\asio\PlatformParameterAsio.class
   [delete] Deleting m:\ews\at4\bin\platform\asio\PlatformPlayerAsio.class
   [delete] Deleting directory m:\ews\at4\bin\platform\asio
   [delete] Deleting m:\ews\at4\bin\platform\javasound\PlatformJavaSound.class
   [delete] Deleting m:\ews\at4\bin\platform\javasound\PlatformParameterJavaSound$Element.class
   [delete] Deleting m:\ews\at4\bin\platform\javasound\PlatformParameterJavaSound$MixerChoice.class
   [delete] Deleting m:\ews\at4\bin\platform\javasound\PlatformParameterJavaSound$LineChoice.class
   [delete] Deleting m:\ews\at4\bin\platform\javasound\PlatformParameterJavaSound$ViewStarter.class
   [delete] Deleting m:\ews\at4\bin\platform\javasound\PlatformParameterJavaSound$1.class
   [delete] Deleting m:\ews\at4\bin\platform\javasound\PlatformParameterJavaSound.class
   [delete] Deleting m:\ews\at4\bin\platform\javasound\PlatformPlayerJavaSound.class
   [delete] Deleting m:\ews\at4\bin\platform\javasound\MixerView$myPanel.class
   [delete] Deleting m:\ews\at4\bin\platform\javasound\MixerView$myScrollPane.class
   [delete] Deleting m:\ews\at4\bin\platform\javasound\MixerView$myTree$L0Top.class
   [delete] Deleting m:\ews\at4\bin\platform\javasound\MixerView$myTree$L1Mixer.class
   [delete] Deleting m:\ews\at4\bin\platform\javasound\MixerView$myTree$L2Line.class
   [delete] Deleting m:\ews\at4\bin\platform\javasound\MixerView$myTree$L3Control.class
   [delete] Deleting m:\ews\at4\bin\platform\javasound\MixerView$myTree$L3AudioFormat.class
   [delete] Deleting m:\ews\at4\bin\platform\javasound\MixerView$myTree.class
   [delete] Deleting m:\ews\at4\bin\platform\javasound\MixerView$1.class
   [delete] Deleting m:\ews\at4\bin\platform\javasound\MixerView.class
   [delete] Deleting directory m:\ews\at4\bin\platform\javasound
   [delete] Deleting directory m:\ews\at4\bin\platform
   [delete] Deleting m:\ews\at4\bin\function\IFunction.class
   [delete] Deleting m:\ews\at4\bin\function\IPlayer.class
   [delete] Deleting m:\ews\at4\bin\function\IChain.class
   [delete] Deleting m:\ews\at4\bin\function\FunctionPanel$EffectStarter.class
   [delete] Deleting m:\ews\at4\bin\function\FunctionPanel.class
   [delete] Deleting m:\ews\at4\bin\function\IFunction2.class
   [delete] Deleting directory m:\ews\at4\bin\function
   [delete] Deleting m:\ews\at4\bin\gui_help\MyGC.class
   [delete] Deleting m:\ews\at4\bin\gui_help\BorderPanel.class
   [delete] Deleting m:\ews\at4\bin\gui_help\ShowText.class
   [delete] Deleting directory m:\ews\at4\bin\gui_help
   [delete] Deleting m:\ews\at4\bin\controller\interfaces\IControlOutTransmitter$ControlReceiveParameter.class
   [delete] Deleting m:\ews\at4\bin\controller\interfaces\IControlOutTransmitter.class
   [delete] Deleting m:\ews\at4\bin\controller\interfaces\IFromMidi.class
   [delete] Deleting m:\ews\at4\bin\controller\interfaces\IPotsOut.class
   [delete] Deleting m:\ews\at4\bin\controller\interfaces\IControlInReceiver.class
   [delete] Deleting m:\ews\at4\bin\controller\interfaces\IControlInTransmitter.class
   [delete] Deleting m:\ews\at4\bin\controller\interfaces\IControlOutReceiver.class
   [delete] Deleting directory m:\ews\at4\bin\controller\interfaces
   [delete] Deleting m:\ews\at4\bin\controller\ControllerPanelMapper$SimpleLock.class
   [delete] Deleting m:\ews\at4\bin\controller\ControllerPanelMapper$1.class
   [delete] Deleting m:\ews\at4\bin\controller\ControllerPanelMapper.class
   [delete] Deleting m:\ews\at4\bin\controller\ControllerPanelBase.class
   [delete] Deleting m:\ews\at4\bin\controller\ControllerElementView.class
   [delete] Deleting m:\ews\at4\bin\controller\ControllerGroupBase.class
   [delete] Deleting m:\ews\at4\bin\controller\MidiPotControl.class
   [delete] Deleting m:\ews\at4\bin\controller\ControllerSelectPanel$ControllerChoice.class
   [delete] Deleting m:\ews\at4\bin\controller\ControllerSelectPanel$TestButton.class
   [delete] Deleting m:\ews\at4\bin\controller\ControllerSelectPanel$BridgeButton.class
   [delete] Deleting m:\ews\at4\bin\controller\ControllerSelectPanel.class
   [delete] Deleting m:\ews\at4\bin\controller\ControllerPanelTest.class
   [delete] Deleting m:\ews\at4\bin\controller\ControllerGroupMidiFighterTwister.class
   [delete] Deleting directory m:\ews\at4\bin\controller
   [delete] Deleting m:\ews\at4\bin\util\Util.class
   [delete] Deleting m:\ews\at4\bin\util\DIR.class
   [delete] Deleting directory m:\ews\at4\bin\util
   [delete] Deleting m:\ews\at4\bin\effect\ArcTan4.class
   [delete] Deleting m:\ews\at4\bin\effect\EffectDialog$StopButton.class
   [delete] Deleting m:\ews\at4\bin\effect\EffectDialog$RemView$Syncer.class
   [delete] Deleting m:\ews\at4\bin\effect\EffectDialog$RemView.class
   [delete] Deleting m:\ews\at4\bin\effect\EffectDialog.class
   [delete] Deleting m:\ews\at4\bin\effect\CubeMix.class
   [delete] Deleting m:\ews\at4\bin\effect\Delay.class
   [delete] Deleting m:\ews\at4\bin\effect\DelayBase.class
   [delete] Deleting m:\ews\at4\bin\effect\DualWashboard.class
   [delete] Deleting m:\ews\at4\bin\effect\LoopMono.class
   [delete] Deleting m:\ews\at4\bin\effect\LoopMul1.class
   [delete] Deleting m:\ews\at4\bin\effect\LowMix.class
   [delete] Deleting m:\ews\at4\bin\effect\Noiser.class
   [delete] Deleting m:\ews\at4\bin\effect\OutputTest.class
   [delete] Deleting m:\ews\at4\bin\effect\Reverb.class
   [delete] Deleting m:\ews\at4\bin\effect\Rotator2.class
   [delete] Deleting m:\ews\at4\bin\effect\Tuner$MyPanel$NoteChoice.class
   [delete] Deleting m:\ews\at4\bin\effect\Tuner$MyPanel.class
   [delete] Deleting m:\ews\at4\bin\effect\Tuner$1.class
   [delete] Deleting m:\ews\at4\bin\effect\Tuner.class
   [delete] Deleting m:\ews\at4\bin\effect\DNote.class
   [delete] Deleting m:\ews\at4\bin\effect\Waschbrett.class
   [delete] Deleting m:\ews\at4\bin\effect\EffectDialog2$StopButton.class
   [delete] Deleting m:\ews\at4\bin\effect\EffectDialog2.class
   [delete] Deleting directory m:\ews\at4\bin\effect
   [delete] Deleting directory m:\ews\at4\bin

build.number:
     [echo] build.number 18
     [echo] build.number 19

build:
    [mkdir] Created dir: m:\ews\at4\bin
    [mkdir] Created dir: m:\ews\at4\dist
    [javac] starter\at4.java added as starter\at4.class doesn't exist.
    [javac] Compiling 1 source file to m:\ews\at4\bin
    [javac] Using modern compiler
    [javac] Compilation arguments:
    [javac] '-d'
    [javac] 'm:\ews\at4\bin'
    [javac] '-classpath'
    [javac] 'm:\ews\at4\bin;m:\ews\at4\lib\javax.json-1.0.4.jar;m:\ews\at4\lib\jasio\JAsioHost.jar'
    [javac] '-sourcepath'
    [javac] 'm:\ews\at4\src'
    [javac] '-g'
    [javac] 
    [javac] The ' characters around the executable and arguments are
    [javac] not part of the command.
    [javac] File to be compiled:
    [javac]     m:\ews\at4\src\starter\at4.java
Overriding previous definition of reference to non.jar.merge
Overriding previous definition of reference to non.jar.merge
      [jar] found a total of 0 manifests in 6 resource collections
      [jar] Building jar: m:\ews\at4\dist\at4.jar
      [jar] adding directory META-INF/
      [jar] adding entry META-INF/MANIFEST.MF
      [jar] adding directory controller/
      [jar] adding entry controller/ControllerElementView.class
      [jar] adding entry controller/ControllerGroupBase.class
      [jar] adding entry controller/ControllerGroupMidiFighterTwister.class
      [jar] adding entry controller/ControllerPanelBase.class
      [jar] adding entry controller/ControllerPanelMapper$1.class
      [jar] adding entry controller/ControllerPanelMapper$SimpleLock.class
      [jar] adding entry controller/ControllerPanelMapper.class
      [jar] adding entry controller/ControllerPanelTest.class
      [jar] adding entry controller/ControllerSelectPanel$BridgeButton.class
      [jar] adding entry controller/ControllerSelectPanel$ControllerChoice.class
      [jar] adding entry controller/ControllerSelectPanel$TestButton.class
      [jar] adding entry controller/ControllerSelectPanel.class
      [jar] adding entry controller/MidiPotControl.class
      [jar] adding directory controller/interfaces/
      [jar] adding entry controller/interfaces/IControlInReceiver.class
      [jar] adding entry controller/interfaces/IControlInTransmitter.class
      [jar] adding entry controller/interfaces/IControlOutReceiver.class
      [jar] adding entry controller/interfaces/IControlOutTransmitter$ControlReceiveParameter.class
      [jar] adding entry controller/interfaces/IControlOutTransmitter.class
      [jar] adding entry controller/interfaces/IFromMidi.class
      [jar] adding entry controller/interfaces/IPotsOut.class
      [jar] adding directory effect/
      [jar] adding entry effect/ArcTan4.class
      [jar] adding entry effect/CubeMix.class
      [jar] adding entry effect/DNote.class
      [jar] adding entry effect/Delay.class
      [jar] adding entry effect/DelayBase.class
      [jar] adding entry effect/DualWashboard.class
      [jar] adding entry effect/EffectDialog$RemView$Syncer.class
      [jar] adding entry effect/EffectDialog$RemView.class
      [jar] adding entry effect/EffectDialog$StopButton.class
      [jar] adding entry effect/EffectDialog.class
      [jar] adding entry effect/EffectDialog2$StopButton.class
      [jar] adding entry effect/EffectDialog2.class
      [jar] adding entry effect/LoopMono.class
      [jar] adding entry effect/LoopMul1.class
      [jar] adding entry effect/LowMix.class
      [jar] adding entry effect/Noiser.class
      [jar] adding entry effect/OutputTest.class
      [jar] adding entry effect/Reverb.class
      [jar] adding entry effect/Rotator2.class
      [jar] adding entry effect/Tuner$1.class
      [jar] adding entry effect/Tuner$MyPanel$NoteChoice.class
      [jar] adding entry effect/Tuner$MyPanel.class
      [jar] adding entry effect/Tuner.class
      [jar] adding entry effect/Waschbrett.class
      [jar] adding directory function/
      [jar] adding entry function/FunctionPanel$EffectStarter.class
      [jar] adding entry function/FunctionPanel.class
      [jar] adding entry function/IChain.class
      [jar] adding entry function/IFunction.class
      [jar] adding entry function/IFunction2.class
      [jar] adding entry function/IPlayer.class
      [jar] adding directory gui_help/
      [jar] adding entry gui_help/BorderPanel.class
      [jar] adding entry gui_help/MyGC.class
      [jar] adding entry gui_help/ShowText.class
      [jar] adding directory platform/
      [jar] adding directory platform/asio/
      [jar] adding entry platform/asio/PlatformAsio.class
      [jar] adding entry platform/asio/PlatformParameterAsio$PanelStarter.class
      [jar] adding entry platform/asio/PlatformParameterAsio.class
      [jar] adding entry platform/asio/PlatformPlayerAsio.class
      [jar] adding directory platform/base/
      [jar] adding entry platform/base/PLATFORM.class
      [jar] adding entry platform/base/PlatformBase.class
      [jar] adding entry platform/base/PlatformPanel$PlatformChoice.class
      [jar] adding entry platform/base/PlatformPanel.class
      [jar] adding directory platform/javasound/
      [jar] adding entry platform/javasound/MixerView$1.class
      [jar] adding entry platform/javasound/MixerView$myPanel.class
      [jar] adding entry platform/javasound/MixerView$myScrollPane.class
      [jar] adding entry platform/javasound/MixerView$myTree$L0Top.class
      [jar] adding entry platform/javasound/MixerView$myTree$L1Mixer.class
      [jar] adding entry platform/javasound/MixerView$myTree$L2Line.class
      [jar] adding entry platform/javasound/MixerView$myTree$L3AudioFormat.class
      [jar] adding entry platform/javasound/MixerView$myTree$L3Control.class
      [jar] adding entry platform/javasound/MixerView$myTree.class
      [jar] adding entry platform/javasound/MixerView.class
      [jar] adding entry platform/javasound/PlatformJavaSound.class
      [jar] adding entry platform/javasound/PlatformParameterJavaSound$1.class
      [jar] adding entry platform/javasound/PlatformParameterJavaSound$Element.class
      [jar] adding entry platform/javasound/PlatformParameterJavaSound$LineChoice.class
      [jar] adding entry platform/javasound/PlatformParameterJavaSound$MixerChoice.class
      [jar] adding entry platform/javasound/PlatformParameterJavaSound$ViewStarter.class
      [jar] adding entry platform/javasound/PlatformParameterJavaSound.class
      [jar] adding entry platform/javasound/PlatformPlayerJavaSound.class
      [jar] adding directory starter/
      [jar] adding entry starter/Central.class
      [jar] adding entry starter/JFrame2.class
      [jar] adding entry starter/MainFrame$myPanel.class
      [jar] adding entry starter/MainFrame.class
      [jar] adding entry starter/at4.class
      [jar] adding entry starter/error.class
      [jar] adding directory util/
      [jar] adding entry util/DIR.class
      [jar] adding entry util/Util.class
      [jar] adding directory javax/
      [jar] adding directory javax/json/
      [jar] adding entry javax/json/Json.class
      [jar] adding entry javax/json/JsonArray.class
      [jar] adding entry javax/json/JsonArrayBuilder.class
      [jar] adding entry javax/json/JsonBuilderFactory.class
      [jar] adding entry javax/json/JsonException.class
      [jar] adding entry javax/json/JsonNumber.class
      [jar] adding entry javax/json/JsonObject.class
      [jar] adding entry javax/json/JsonObjectBuilder.class
      [jar] adding entry javax/json/JsonReader.class
      [jar] adding entry javax/json/JsonReaderFactory.class
      [jar] adding entry javax/json/JsonString.class
      [jar] adding entry javax/json/JsonStructure.class
      [jar] adding entry javax/json/JsonValue$1.class
      [jar] adding entry javax/json/JsonValue$2.class
      [jar] adding entry javax/json/JsonValue$3.class
      [jar] adding entry javax/json/JsonValue$ValueType.class
      [jar] adding entry javax/json/JsonValue.class
      [jar] adding entry javax/json/JsonWriter.class
      [jar] adding entry javax/json/JsonWriterFactory.class
      [jar] adding directory javax/json/spi/
      [jar] adding entry javax/json/spi/JsonProvider.class
      [jar] adding directory javax/json/stream/
      [jar] adding entry javax/json/stream/JsonGenerationException.class
      [jar] adding entry javax/json/stream/JsonGenerator.class
      [jar] adding entry javax/json/stream/JsonGeneratorFactory.class
      [jar] adding entry javax/json/stream/JsonLocation.class
      [jar] adding entry javax/json/stream/JsonParser$Event.class
      [jar] adding entry javax/json/stream/JsonParser.class
      [jar] adding entry javax/json/stream/JsonParserFactory.class
      [jar] adding entry javax/json/stream/JsonParsingException.class
      [jar] adding directory org/
      [jar] adding directory org/glassfish/
      [jar] adding directory org/glassfish/json/
      [jar] adding entry org/glassfish/json/BufferPoolImpl.class
      [jar] adding entry org/glassfish/json/JsonArrayBuilderImpl$JsonArrayImpl.class
      [jar] adding entry org/glassfish/json/JsonArrayBuilderImpl.class
      [jar] adding entry org/glassfish/json/JsonBuilderFactoryImpl.class
      [jar] adding entry org/glassfish/json/JsonGeneratorFactoryImpl.class
      [jar] adding entry org/glassfish/json/JsonGeneratorImpl$1.class
      [jar] adding entry org/glassfish/json/JsonGeneratorImpl$Context.class
      [jar] adding entry org/glassfish/json/JsonGeneratorImpl$Scope.class
      [jar] adding entry org/glassfish/json/JsonGeneratorImpl.class
      [jar] adding entry org/glassfish/json/JsonLocationImpl.class
      [jar] adding entry org/glassfish/json/JsonMessages.class
      [jar] adding entry org/glassfish/json/JsonNumberImpl$JsonBigDecimalNumber.class
      [jar] adding entry org/glassfish/json/JsonNumberImpl$JsonIntNumber.class
      [jar] adding entry org/glassfish/json/JsonNumberImpl$JsonLongNumber.class
      [jar] adding entry org/glassfish/json/JsonNumberImpl.class
      [jar] adding entry org/glassfish/json/JsonObjectBuilderImpl$JsonObjectImpl.class
      [jar] adding entry org/glassfish/json/JsonObjectBuilderImpl.class
      [jar] adding entry org/glassfish/json/JsonParserFactoryImpl.class
      [jar] adding entry org/glassfish/json/JsonParserImpl$1.class
      [jar] adding entry org/glassfish/json/JsonParserImpl$ArrayContext.class
      [jar] adding entry org/glassfish/json/JsonParserImpl$Context.class
      [jar] adding entry org/glassfish/json/JsonParserImpl$NoneContext.class
      [jar] adding entry org/glassfish/json/JsonParserImpl$ObjectContext.class
      [jar] adding entry org/glassfish/json/JsonParserImpl$Stack.class
      [jar] adding entry org/glassfish/json/JsonParserImpl$StateIterator.class
      [jar] adding entry org/glassfish/json/JsonParserImpl.class
      [jar] adding entry org/glassfish/json/JsonPrettyGeneratorImpl.class
      [jar] adding entry org/glassfish/json/JsonProviderImpl.class
      [jar] adding entry org/glassfish/json/JsonReaderFactoryImpl.class
      [jar] adding entry org/glassfish/json/JsonReaderImpl$1.class
      [jar] adding entry org/glassfish/json/JsonReaderImpl.class
      [jar] adding entry org/glassfish/json/JsonStringImpl.class
      [jar] adding entry org/glassfish/json/JsonStructureParser$1.class
      [jar] adding entry org/glassfish/json/JsonStructureParser$ArrayScope.class
      [jar] adding entry org/glassfish/json/JsonStructureParser$ObjectScope.class
      [jar] adding entry org/glassfish/json/JsonStructureParser$Scope.class
      [jar] adding entry org/glassfish/json/JsonStructureParser.class
      [jar] adding entry org/glassfish/json/JsonTokenizer$JsonToken.class
      [jar] adding entry org/glassfish/json/JsonTokenizer.class
      [jar] adding entry org/glassfish/json/JsonWriterFactoryImpl.class
      [jar] adding entry org/glassfish/json/JsonWriterImpl$NoFlushOutputStream.class
      [jar] adding entry org/glassfish/json/JsonWriterImpl.class
      [jar] adding entry org/glassfish/json/UnicodeDetectingInputStream.class
      [jar] adding directory org/glassfish/json/api/
      [jar] adding entry org/glassfish/json/api/BufferPool.class
      [jar] adding directory com/
      [jar] adding directory com/synthbot/
      [jar] adding directory com/synthbot/jasiohost/
      [jar] adding entry com/synthbot/jasiohost/AsioChannel.class
      [jar] adding entry com/synthbot/jasiohost/AsioDriver.class
      [jar] adding entry com/synthbot/jasiohost/AsioDriverInfo.class
      [jar] adding entry com/synthbot/jasiohost/AsioDriverListener.class
      [jar] adding entry com/synthbot/jasiohost/AsioDriverState.class
      [jar] adding entry com/synthbot/jasiohost/AsioException.class
      [jar] adding entry com/synthbot/jasiohost/AsioSampleType.class
      [jar] adding entry com/synthbot/jasiohost/ExampleHost$1.class
      [jar] adding entry com/synthbot/jasiohost/ExampleHost$2.class
      [jar] adding entry com/synthbot/jasiohost/ExampleHost$3.class
      [jar] adding entry com/synthbot/jasiohost/ExampleHost$4.class
      [jar] adding entry com/synthbot/jasiohost/ExampleHost$5.class
      [jar] adding entry com/synthbot/jasiohost/ExampleHost.class
      [jar] No Implementation-Title set.No Implementation-Version set.No Implementation-Vendor set.
      [jar] Location: m:\ews\at4\build.xml:79: 
     [copy] run.bat added as run.bat doesn't exist.
     [copy] jasiohost32.dll added as jasiohost32.dll doesn't exist.
     [copy] jasiohost64.dll added as jasiohost64.dll doesn't exist.
     [copy] Copying 3 files to m:\ews\at4\dist
     [copy] Copying m:\ews\at4\dist_add\run.bat to m:\ews\at4\dist\run.bat
     [copy] Copying m:\ews\at4\lib\jasio\jasiohost32.dll to m:\ews\at4\dist\jasiohost32.dll
     [copy] Copying m:\ews\at4\lib\jasio\jasiohost64.dll to m:\ews\at4\dist\jasiohost64.dll

PushOut:
   [delete] Could not find file m:\backup\at4_19.zip to delete.
      [zip] Building zip: m:\backup\at4_19.zip
      [zip] adding directory disabled_sources/
      [zip] adding directory dist/
      [zip] adding directory dist_add/
      [zip] adding directory doclinks/
      [zip] adding directory lib/
      [zip] adding directory lib/jasio/
      [zip] adding directory lib/portaudio/
      [zip] adding directory src/
      [zip] adding directory src/buildnumber/
      [zip] adding entry .classpath
      [zip] adding entry .project
      [zip] adding entry disabled_sources/ArcTan.java
      [zip] adding entry disabled_sources/ArcTan2.java
      [zip] adding entry disabled_sources/ArcTan3.java
      [zip] adding entry disabled_sources/ControlReceiveParameter.java
      [zip] adding entry disabled_sources/ControllerElementBase.java
      [zip] adding entry disabled_sources/ControllerGroupLDP8.java
      [zip] adding entry disabled_sources/ControllerMapper.java
      [zip] adding entry disabled_sources/ControllerPanelMapperLDP8.java
      [zip] adding entry disabled_sources/ControllerTestDialog.java
      [zip] adding entry disabled_sources/EffectDialog2.java
      [zip] adding entry disabled_sources/IPot127Listener.java
      [zip] adding entry disabled_sources/Waschbrett.java
      [zip] adding entry dist/at4.jar
      [zip] adding entry dist/jasiohost32.dll
      [zip] adding entry dist/jasiohost64.dll
      [zip] adding entry dist/run.bat
      [zip] adding entry dist_add/run.bat
      [zip] adding entry doclinks/AudioSystem (Java Platform SE 7 ).URL
      [zip] adding entry doclinks/GC SystemUtils - org.apache.commons.lang.SystemUtils (.java) - GrepCode Class Source.URL
      [zip] adding entry doclinks/Mixer.Info (Java Platform SE 7 ).URL
      [zip] adding entry doclinks/Overview (Java Platform SE 8 ).URL
      [zip] adding entry doclinks/Overview of the MIDI Package (The Java÷ Tutorials Sound).URL
      [zip] adding entry doclinks/The Java÷ Tutorials.URL
      [zip] adding entry doclinks/Trail Sound (The Java÷ Tutorials).URL
      [zip] adding entry lib/Vector.jar
      [zip] adding entry lib/jasio/JAsioHost.jar
      [zip] adding entry lib/jasio/jasiohost-master.zip
      [zip] adding entry lib/jasio/jasiohost32.dll
      [zip] adding entry lib/jasio/jasiohost64.dll
      [zip] adding entry lib/jasio/mhrothjasiohost ¿ GitHub.URL
      [zip] adding entry lib/javax.json-1.0.4.jar
      [zip] adding entry lib/portaudio/PortAudio com.portaudio.PortAudio Class Reference.URL
      [zip] adding entry lib/portaudio/index.html
      [zip] adding entry lib/portaudio/jportaudio.jar
      [zip] adding entry lib/portaudio/jportaudio_pc_20120904.zip
      [zip] adding entry lib/portaudio/jportaudio_x64.dll
      [zip] adding entry lib/portaudio/jportaudio_x86.dll
      [zip] adding entry lib/portaudio/portaudio_x64.dll
      [zip] adding entry lib/portaudio/portaudio_x86.dll
      [zip] adding entry src/buildnumber/at4.buildnumber
      [zip] adding directory src/controller/
      [zip] adding entry src/controller/ControllerElementView.java
      [zip] adding entry src/controller/ControllerGroupBase.java
      [zip] adding entry src/controller/ControllerGroupLDP8_Test.java
      [zip] adding entry src/controller/ControllerGroupMidiFighterTwister.java
      [zip] adding entry src/controller/ControllerPanelBase.java
      [zip] adding entry src/controller/ControllerPanelMapper.java
      [zip] adding entry src/controller/ControllerPanelTest.java
      [zip] adding entry src/controller/ControllerSelectPanel.java
      [zip] adding entry src/controller/MidiPotControl.java
      [zip] adding directory src/controller/interfaces/
      [zip] adding entry src/controller/interfaces/IControlInReceiver.java
      [zip] adding entry src/controller/interfaces/IControlInTransmitter.java
      [zip] adding entry src/controller/interfaces/IControlOutReceiver.java
      [zip] adding entry src/controller/interfaces/IControlOutTransmitter.java
      [zip] adding entry src/controller/interfaces/IFromMidi.java
      [zip] adding entry src/controller/interfaces/IPotsOut.java
      [zip] adding directory src/effect/
      [zip] adding entry src/effect/ArcTan4.java
      [zip] adding entry src/effect/CubeMix.java
      [zip] adding entry src/effect/DNote.java
      [zip] adding entry src/effect/Delay.java
      [zip] adding entry src/effect/DelayBase.java
      [zip] adding entry src/effect/DualWashboard.java
      [zip] adding entry src/effect/EffectDialog.java
      [zip] adding entry src/effect/EffectDialog2.java
      [zip] adding entry src/effect/ForwardDelay.java
      [zip] adding entry src/effect/LoopMono.java
      [zip] adding entry src/effect/LoopMul1.java
      [zip] adding entry src/effect/LowMix.java
      [zip] adding entry src/effect/Noiser.java
      [zip] adding entry src/effect/OldDelay.java
      [zip] adding entry src/effect/OutputTest.java
      [zip] adding entry src/effect/Reverb.java
      [zip] adding entry src/effect/Rotator1.java
      [zip] adding entry src/effect/Rotator2.java
      [zip] adding entry src/effect/Tuner.java
      [zip] adding entry src/effect/Waschbrett.java
      [zip] adding directory src/function/
      [zip] adding entry src/function/FunctionPanel.java
      [zip] adding entry src/function/IChain.java
      [zip] adding entry src/function/IFunction.java
      [zip] adding entry src/function/IFunction2.java
      [zip] adding entry src/function/IPlayer.java
      [zip] adding entry src/function/IRuncontrol.java
      [zip] adding directory src/gui_help/
      [zip] adding entry src/gui_help/BorderPanel.java
      [zip] adding entry src/gui_help/MyGC.java
      [zip] adding entry src/gui_help/ShowText.java
      [zip] adding directory src/platform/
      [zip] adding directory src/platform/asio/
      [zip] adding entry src/platform/asio/PlatformAsio.java
      [zip] adding entry src/platform/asio/PlatformParameterAsio.java
      [zip] adding entry src/platform/asio/PlatformPlayerAsio.java
      [zip] adding directory src/platform/base/
      [zip] adding entry src/platform/base/PLATFORM.java
      [zip] adding entry src/platform/base/PlatformBase.java
      [zip] adding entry src/platform/base/PlatformPanel.java
      [zip] adding directory src/platform/javasound/
      [zip] adding entry src/platform/javasound/MixerView.java
      [zip] adding entry src/platform/javasound/PlatformJavaSound.java
      [zip] adding entry src/platform/javasound/PlatformParameterJavaSound.java
      [zip] adding entry src/platform/javasound/PlatformPlayerJavaSound.java
      [zip] adding directory src/starter/
      [zip] adding entry src/starter/Central.java
      [zip] adding entry src/starter/JFrame2.java
      [zip] adding entry src/starter/MainFrame.java
      [zip] adding entry src/starter/at4.java
      [zip] adding entry src/starter/error.java
      [zip] adding directory src/util/
      [zip] adding entry src/util/DIR.java
      [zip] adding entry src/util/Util.java
      [zip] adding entry SetEnv.bat
      [zip] adding entry SetEnvGradle.bat
      [zip] adding entry ant_all.bat
      [zip] adding entry build.xml
      [zip] adding entry gradle_all.bat
      [zip] adding entry ant.log

post_build:
     [exec] The command attribute is deprecated.
     [exec] Please use the executable attribute and nested arg elements.
     [exec] The command attribute is deprecated.
     [exec] Please use the executable attribute and nested arg elements.

all:

BUILD SUCCESSFUL
Total time: 6 seconds
